xrun(64): 24.03-s007: (c) Copyright 1995-2024 Cadence Design Systems, Inc.
TOOL:	xrun(64)	24.03-s007: Started on Jul 24, 2025 at 12:34:50 EEST
xrun
	-sv
	prbs.sv
	prbs_tb.sv
Recompiling... reason: file './prbs.sv' is newer than expected.
	expected: Thu Jul 24 12:25:45 2025
	actual:   Thu Jul 24 12:34:48 2025
		Caching library 'worklib' ....... Done
	Elaborating the design hierarchy:
	Top level design units:
		prbs_tb
	Building instance overlay tables: .................... Done
	Building instance specific data structures.
	Loading native compiled code:     .................... Done
	Design hierarchy summary:
		                 Instances  Unique
		Modules:                 2       2
		Registers:               3       3
		Scalar wires:            3       -
		Always blocks:           1       1
		Initial blocks:          2       2
		Cont. assignments:       1       1
		Process Clocks:          1       1
		Simulation timescale:  1ps
	Writing initial simulation snapshot: worklib.prbs_tb:sv
Loading snapshot worklib.prbs_tb:sv .................... Done
xcelium> source /usr/cadence/installs/xcelium/XCELIUM2403/tools/xcelium/files/xmsimrc
xcelium> run
Time: 20, rand: 0
Time: 30, rand: 0
Time: 40, rand: 1
Time: 50, rand: 1
Time: 60, rand: 1
Time: 70, rand: 1
Time: 80, rand: 0
Time: 90, rand: 1
Time: 100, rand: 0
Time: 110, rand: 1
Time: 120, rand: 1
Time: 130, rand: 0
Time: 140, rand: 0
Time: 150, rand: 1
Time: 160, rand: 0
Time: 170, rand: 0
Time: 180, rand: 0
Time: 190, rand: 1
Time: 200, rand: 1
Time: 210, rand: 1
Simulation complete via $finish(1) at time 210 PS + 0
./prbs_tb.sv:30         $finish;
xcelium> exit
TOOL:	xrun(64)	24.03-s007: Exiting on Jul 24, 2025 at 12:34:51 EEST  (total: 00:00:01)
