xrun(64): 24.03-s007: (c) Copyright 1995-2024 Cadence Design Systems, Inc.
TOOL:	xrun(64)	24.03-s007: Started on Jul 24, 2025 at 14:42:30 EEST
xrun
	-sv
	test.sv
Recompiling... reason: file './test.sv' is newer than expected.
	expected: Thu Jul 24 14:40:21 2025
	actual:   Thu Jul 24 14:41:52 2025
file: test.sv
	module worklib.test:sv
		errors: 0, warnings: 0
		Caching library 'worklib' ....... Done
	Elaborating the design hierarchy:
	Top level design units:
		test
	Building instance overlay tables: .................... Done
	Generating native compiled code:
		worklib.test:sv <0x6f5eaaf0>
			streams:   8, words: 12642
	Building instance specific data structures.
	Loading native compiled code:     .................... Done
	Design hierarchy summary:
		             Instances  Unique
		Modules:             1       1
		Primitives:          1       1
		Registers:           4       4
		Scalar wires:        3       -
		Initial blocks:      1       1
		Pseudo assignments:  3       -
	Writing initial simulation snapshot: worklib.test:sv
Loading snapshot worklib.test:sv .................... Done
xcelium> source /usr/cadence/installs/xcelium/XCELIUM2403/tools/xcelium/files/xmsimrc
xcelium> run
         0 d=0,e=0
        10 d=1,e=1
        20 d=0,e=0
Simulation complete via $finish(1) at time 30 NS + 0
./test.sv:17 #10 $finish;
xcelium> exit
TOOL:	xrun(64)	24.03-s007: Exiting on Jul 24, 2025 at 14:42:31 EEST  (total: 00:00:01)
